<?xml version="1.0" encoding="UTF-8"?>
<!-- Generated by org.testng.reporters.JUnitReportReporter -->
<testsuite hostname="PM" failures="0" tests="1" name="com.actitime.testscript.DemoAssertion" time="10.419" errors="0" timestamp="2022-12-25T17:27:18 IST" skipped="0">
  <testcase classname="com.actitime.testscript.DemoAssertion" name="verifyTitle" time="10.419"/>
  <system-out/>
</testsuite> <!-- com.actitime.testscript.DemoAssertion -->
