<?xml version="1.0" encoding="UTF-8"?>
<!-- Generated by org.testng.reporters.JUnitReportReporter -->
<testsuite hostname="PM" failures="0" tests="1" name="com.actitime.testscript.GroupingCls1" time="0.017" errors="0" timestamp="2022-12-29T09:49:32 IST" skipped="0">
  <testcase classname="com.actitime.testscript.GroupingCls1" name="modifyCustomer" time="0.017"/>
  <system-out>
    <![CDATA[modifyCustomer]]>
  </system-out>
</testsuite> <!-- com.actitime.testscript.GroupingCls1 -->
