<?xml version="1.0" encoding="UTF-8"?>
<!-- Generated by org.testng.reporters.JUnitReportReporter -->
<testsuite hostname="PM" failures="0" tests="2" name="com.actitime.testscript.CustomerModuleAnn" time="0.030" errors="0" timestamp="2022-12-25T17:39:13 IST" skipped="0">
  <testcase classname="com.actitime.testscript.CustomerModuleAnn" name="deleteCustomer" time="0.007"/>
  <system-out>
    <![CDATA[Delete Customer]]>
  </system-out>
  <testcase classname="com.actitime.testscript.CustomerModuleAnn" name="CreateCustomer" time="0.023"/>
  <system-out>
    <![CDATA[Create Customer]]>
  </system-out>
</testsuite> <!-- com.actitime.testscript.CustomerModuleAnn -->
