<?xml version="1.0" encoding="UTF-8"?>
<!-- Generated by org.testng.reporters.JUnitReportReporter -->
<testsuite hostname="PM" failures="0" tests="4" name="com.actitime.testscript.CustomerModuleAnno" time="0.036" errors="0" timestamp="2022-12-25T17:45:02 IST" skipped="0">
  <testcase classname="com.actitime.testscript.CustomerModuleAnno" name="registerCustomer" time="0.006"/>
  <system-out>
    <![CDATA[Register Customer]]>
  </system-out>
  <testcase classname="com.actitime.testscript.CustomerModuleAnno" name="deleteCustomer" time="0.013"/>
  <system-out>
    <![CDATA[Delete Customer]]>
  </system-out>
  <testcase classname="com.actitime.testscript.CustomerModuleAnno" name="editCustomer" time="0.012"/>
  <system-out>
    <![CDATA[Edit Customer]]>
  </system-out>
  <testcase classname="com.actitime.testscript.CustomerModuleAnno" name="editCustomer" time="0.005"/>
  <system-out>
    <![CDATA[Edit Customer]]>
  </system-out>
</testsuite> <!-- com.actitime.testscript.CustomerModuleAnno -->
