<?xml version="1.0" encoding="UTF-8"?>
<!-- Generated by org.testng.reporters.JUnitReportReporter -->
<testsuite hostname="PM" failures="0" tests="1" name="qsp.AllUrlOfPage" time="10.935" errors="0" timestamp="2022-12-30T16:49:13 IST" skipped="0">
  <testcase classname="qsp.AllUrlOfPage" name="allUrl" time="10.935"/>
  <system-out/>
</testsuite> <!-- qsp.AllUrlOfPage -->
