<?xml version="1.0" encoding="UTF-8"?>
<!-- Generated by org.testng.reporters.JUnitReportReporter -->
<testsuite hostname="PM" failures="0" tests="1" name="com.actitime.testscript.Screenshot" time="8.070" errors="0" timestamp="2022-12-28T08:58:42 IST" skipped="0">
  <testcase classname="com.actitime.testscript.Screenshot" name="verifyScreenshot" time="8.070"/>
  <system-out/>
</testsuite> <!-- com.actitime.testscript.Screenshot -->
