<?xml version="1.0" encoding="UTF-8"?>
<!-- Generated by org.testng.reporters.JUnitReportReporter -->
<testsuite hostname="PM" failures="0" tests="3" name="com.actitime.testscript.TaskModule" time="0.026" errors="0" timestamp="2023-01-23T11:09:06 IST" skipped="0">
  <testcase classname="com.actitime.testscript.TaskModule" name="createModule" time="0.017"/>
  <system-out>
    <![CDATA[createModule]]>
  </system-out>
  <testcase classname="com.actitime.testscript.TaskModule" name="modifyModule" time="0.005"/>
  <system-out>
    <![CDATA[modifyModule]]>
  </system-out>
  <testcase classname="com.actitime.testscript.TaskModule" name="deleteModule" time="0.004"/>
  <system-out>
    <![CDATA[deleteModule]]>
  </system-out>
</testsuite> <!-- com.actitime.testscript.TaskModule -->
