<?xml version="1.0" encoding="UTF-8"?>
<!-- Generated by org.testng.reporters.JUnitReportReporter -->
<testsuite hostname="PM" failures="0" tests="3" name="com.actitime.generic.CustomerModule" time="0.034" errors="0" timestamp="2022-12-21T23:47:14 IST" skipped="0">
  <testcase classname="com.actitime.generic.CustomerModule" name="createCustomer" time="0.030"/>
  <system-out>
    <![CDATA[createCustomer]]>
  </system-out>
  <testcase classname="com.actitime.generic.CustomerModule" name="modifyCustomer" time="0.003"/>
  <system-out>
    <![CDATA[modifyCustomer]]>
  </system-out>
  <testcase classname="com.actitime.generic.CustomerModule" name="deleteCustomer" time="0.001"/>
  <system-out>
    <![CDATA[deleteCustomer]]>
  </system-out>
</testsuite> <!-- com.actitime.generic.CustomerModule -->
