<?xml version="1.0" encoding="UTF-8"?>
<!-- Generated by org.testng.reporters.JUnitReportReporter -->
<testsuite hostname="PM" failures="0" tests="3" name="com.actitime.testscript.TaskModule" time="0.006" errors="0" timestamp="2022-12-29T09:37:47 IST" skipped="0">
  <testcase classname="com.actitime.testscript.TaskModule" name="createModule" time="0.003"/>
  <system-out>
    <![CDATA[createModule]]>
  </system-out>
  <testcase classname="com.actitime.testscript.TaskModule" name="modifyModule" time="0.001"/>
  <system-out>
    <![CDATA[modifyModule]]>
  </system-out>
  <testcase classname="com.actitime.testscript.TaskModule" name="deleteModule" time="0.002"/>
  <system-out>
    <![CDATA[deleteModule]]>
  </system-out>
</testsuite> <!-- com.actitime.testscript.TaskModule -->
