<?xml version="1.0" encoding="UTF-8"?>
<!-- Generated by org.testng.reporters.JUnitReportReporter -->
<testsuite hostname="PM" failures="0" tests="1" name="com.actitime.testscript.DemoAssertion1" time="8.709" errors="0" timestamp="2022-12-25T17:30:50 IST" skipped="0">
  <testcase classname="com.actitime.testscript.DemoAssertion1" name="verifyTitle" time="8.709"/>
  <system-out/>
</testsuite> <!-- com.actitime.testscript.DemoAssertion1 -->
