<?xml version="1.0" encoding="UTF-8"?>
<!-- Generated by org.testng.reporters.JUnitReportReporter -->
<testsuite hostname="PM" failures="0" tests="1" name="qsp.DemoTestNG" time="0.004" errors="0" timestamp="2022-12-27T07:56:38 IST" skipped="0">
  <testcase classname="qsp.DemoTestNG" name="testDemo" time="0.004"/>
  <system-out>
    <![CDATA[welcome to testing]]>
  </system-out>
</testsuite> <!-- qsp.DemoTestNG -->
